# JRE version: OpenJDK Runtime Environment (8.0_112-b06) (build 1.8.0_112-release-b06)
# Java VM: OpenJDK 64-Bit Server VM (25.112-b06 mixed mode windows-amd64 compressed oops)
Heap:
 PSYoungGen      total 68096K, used 48557K [0x00000000e0000000, 0x00000000e6980000, 0x0000000100000000)
  eden space 57344K, 73% used [0x00000000e0000000,0x00000000e28fbda8,0x00000000e3800000)
  from space 10752K, 61% used [0x00000000e3800000,0x00000000e3e6f718,0x00000000e4280000)
  to   space 10752K, 0% used [0x00000000e5f00000,0x00000000e5f00000,0x00000000e6980000)
 ParOldGen       total 47616K, used 19347K [0x00000000a0000000, 0x00000000a2e80000, 0x00000000e0000000)
  object space 47616K, 40% used [0x00000000a0000000,0x00000000a12e4c20,0x00000000a2e80000)
 Metaspace       used 42659K, capacity 43522K, committed 43648K, reserved 1087488K
  class space    used 5746K, capacity 6001K, committed 6016K, reserved 1048576K
GC Heap History (10 events):
Event: 8.911 GC heap before
{Heap before GC invocations=7 (full 1):
 PSYoungGen      total 68096K, used 65536K [0x00000000e0000000, 0x00000000e4500000, 0x0000000100000000)
  eden space 65536K, 100% used [0x00000000e0000000,0x00000000e4000000,0x00000000e4000000)
  from space 2560K, 0% used [0x00000000e4000000,0x00000000e4000000,0x00000000e4280000)
  to   space 2560K, 0% used [0x00000000e4280000,0x00000000e4280000,0x00000000e4500000)
 ParOldGen       total 36352K, used 11825K [0x00000000a0000000, 0x00000000a2380000, 0x00000000e0000000)
  object space 36352K, 32% used [0x00000000a0000000,0x00000000a0b8c550,0x00000000a2380000)
 Metaspace       used 26438K, capacity 26992K, committed 27136K, reserved 1073152K
  class space    used 3643K, capacity 3786K, committed 3840K, reserved 1048576K
Event: 8.936 GC heap after
Heap after GC invocations=7 (full 1):
 PSYoungGen      total 68096K, used 2544K [0x00000000e0000000, 0x00000000e4500000, 0x0000000100000000)
  eden space 65536K, 0% used [0x00000000e0000000,0x00000000e0000000,0x00000000e4000000)
  from space 2560K, 99% used [0x00000000e4280000,0x00000000e44fc020,0x00000000e4500000)
  to   space 2560K, 0% used [0x00000000e4000000,0x00000000e4000000,0x00000000e4280000)
 ParOldGen       total 36352K, used 17425K [0x00000000a0000000, 0x00000000a2380000, 0x00000000e0000000)
  object space 36352K, 47% used [0x00000000a0000000,0x00000000a11045a0,0x00000000a2380000)
 Metaspace       used 26438K, capacity 26992K, committed 27136K, reserved 1073152K
  class space    used 3643K, capacity 3786K, committed 3840K, reserved 1048576K
}
Event: 9.941 GC heap before
{Heap before GC invocations=8 (full 1):
 PSYoungGen      total 68096K, used 68076K [0x00000000e0000000, 0x00000000e4500000, 0x0000000100000000)
  eden space 65536K, 99% used [0x00000000e0000000,0x00000000e3fff0e8,0x00000000e4000000)
  from space 2560K, 99% used [0x00000000e4280000,0x00000000e44fc020,0x00000000e4500000)
  to   space 2560K, 0% used [0x00000000e4000000,0x00000000e4000000,0x00000000e4280000)
 ParOldGen       total 36352K, used 17425K [0x00000000a0000000, 0x00000000a2380000, 0x00000000e0000000)
  object space 36352K, 47% used [0x00000000a0000000,0x00000000a11045a0,0x00000000a2380000)
 Metaspace       used 29796K, capacity 30428K, committed 30720K, reserved 1075200K
  class space    used 4055K, capacity 4246K, committed 4352K, reserved 1048576K
Event: 9.948 GC heap after
Heap after GC invocations=8 (full 1):
 PSYoungGen      total 68096K, used 2560K [0x00000000e0000000, 0x00000000e4500000, 0x0000000100000000)
  eden space 65536K, 0% used [0x00000000e0000000,0x00000000e0000000,0x00000000e4000000)
  from space 2560K, 100% used [0x00000000e4000000,0x00000000e4280000,0x00000000e4280000)
  to   space 2560K, 0% used [0x00000000e4280000,0x00000000e4280000,0x00000000e4500000)
 ParOldGen       total 36352K, used 20791K [0x00000000a0000000, 0x00000000a2380000, 0x00000000e0000000)
  object space 36352K, 57% used [0x00000000a0000000,0x00000000a144dc28,0x00000000a2380000)
 Metaspace       used 29796K, capacity 30428K, committed 30720K, reserved 1075200K
  class space    used 4055K, capacity 4246K, committed 4352K, reserved 1048576K
}
Event: 11.290 GC heap before
{Heap before GC invocations=9 (full 1):
 PSYoungGen      total 68096K, used 55735K [0x00000000e0000000, 0x00000000e4500000, 0x0000000100000000)
  eden space 65536K, 81% used [0x00000000e0000000,0x00000000e33edf58,0x00000000e4000000)
  from space 2560K, 100% used [0x00000000e4000000,0x00000000e4280000,0x00000000e4280000)
  to   space 2560K, 0% used [0x00000000e4280000,0x00000000e4280000,0x00000000e4500000)
 ParOldGen       total 36352K, used 20791K [0x00000000a0000000, 0x00000000a2380000, 0x00000000e0000000)
  object space 36352K, 57% used [0x00000000a0000000,0x00000000a144dc28,0x00000000a2380000)
 Metaspace       used 34704K, capacity 35422K, committed 35496K, reserved 1079296K
  class space    used 4655K, capacity 4850K, committed 4864K, reserved 1048576K
Event: 11.303 GC heap after
Heap after GC invocations=9 (full 1):
 PSYoungGen      total 59904K, used 2560K [0x00000000e0000000, 0x00000000e8d00000, 0x0000000100000000)
  eden space 57344K, 0% used [0x00000000e0000000,0x00000000e0000000,0x00000000e3800000)
  from space 2560K, 100% used [0x00000000e4280000,0x00000000e4500000,0x00000000e4500000)
  to   space 10752K, 0% used [0x00000000e3800000,0x00000000e3800000,0x00000000e4280000)
 ParOldGen       total 36352K, used 27464K [0x00000000a0000000, 0x00000000a2380000, 0x00000000e0000000)
  object space 36352K, 75% used [0x00000000a0000000,0x00000000a1ad2230,0x00000000a2380000)
 Metaspace       used 34704K, capacity 35422K, committed 35496K, reserved 1079296K
  class space    used 4655K, capacity 4850K, committed 4864K, reserved 1048576K
}
Event: 11.303 GC heap before
{Heap before GC invocations=10 (full 2):
 PSYoungGen      total 59904K, used 2560K [0x00000000e0000000, 0x00000000e8d00000, 0x0000000100000000)
  eden space 57344K, 0% used [0x00000000e0000000,0x00000000e0000000,0x00000000e3800000)
  from space 2560K, 100% used [0x00000000e4280000,0x00000000e4500000,0x00000000e4500000)
  to   space 10752K, 0% used [0x00000000e3800000,0x00000000e3800000,0x00000000e4280000)
 ParOldGen       total 36352K, used 27464K [0x00000000a0000000, 0x00000000a2380000, 0x00000000e0000000)
  object space 36352K, 75% used [0x00000000a0000000,0x00000000a1ad2230,0x00000000a2380000)
 Metaspace       used 34704K, capacity 35422K, committed 35496K, reserved 1079296K
  class space    used 4655K, capacity 4850K, committed 4864K, reserved 1048576K
Event: 11.394 GC heap after
Heap after GC invocations=10 (full 2):
 PSYoungGen      total 59904K, used 0K [0x00000000e0000000, 0x00000000e8d00000, 0x0000000100000000)
  eden space 57344K, 0% used [0x00000000e0000000,0x00000000e0000000,0x00000000e3800000)
  from space 2560K, 0% used [0x00000000e4280000,0x00000000e4280000,0x00000000e4500000)
  to   space 10752K, 0% used [0x00000000e3800000,0x00000000e3800000,0x00000000e4280000)
 ParOldGen       total 47616K, used 19339K [0x00000000a0000000, 0x00000000a2e80000, 0x00000000e0000000)
  object space 47616K, 40% used [0x00000000a0000000,0x00000000a12e2c20,0x00000000a2e80000)
 Metaspace       used 34704K, capacity 35422K, committed 35496K, reserved 1079296K
  class space    used 4655K, capacity 4850K, committed 4864K, reserved 1048576K
}
Event: 11.966 GC heap before
{Heap before GC invocations=11 (full 2):
 PSYoungGen      total 59904K, used 57344K [0x00000000e0000000, 0x00000000e8d00000, 0x0000000100000000)
  eden space 57344K, 100% used [0x00000000e0000000,0x00000000e3800000,0x00000000e3800000)
  from space 2560K, 0% used [0x00000000e4280000,0x00000000e4280000,0x00000000e4500000)
  to   space 10752K, 0% used [0x00000000e3800000,0x00000000e3800000,0x00000000e4280000)
 ParOldGen       total 47616K, used 19339K [0x00000000a0000000, 0x00000000a2e80000, 0x00000000e0000000)
  object space 47616K, 40% used [0x00000000a0000000,0x00000000a12e2c20,0x00000000a2e80000)
 Metaspace       used 37806K, capacity 38594K, committed 38912K, reserved 1083392K
  class space    used 5061K, capacity 5295K, committed 5376K, reserved 1048576K
Event: 11.978 GC heap after
Heap after GC invocations=11 (full 2):
 PSYoungGen      total 68096K, used 6589K [0x00000000e0000000, 0x00000000e6980000, 0x0000000100000000)
  eden space 57344K, 0% used [0x00000000e0000000,0x00000000e0000000,0x00000000e3800000)
  from space 10752K, 61% used [0x00000000e3800000,0x00000000e3e6f718,0x00000000e4280000)
  to   space 10752K, 0% used [0x00000000e5f00000,0x00000000e5f00000,0x00000000e6980000)
 ParOldGen       total 47616K, used 19347K [0x00000000a0000000, 0x00000000a2e80000, 0x00000000e0000000)
  object space 47616K, 40% used [0x00000000a0000000,0x00000000a12e4c20,0x00000000a2e80000)
 Metaspace       used 37806K, capacity 38594K, committed 38912K, reserved 1083392K
  class space    used 5061K, capacity 5295K, committed 5376K, reserved 1048576K
}

