# JRE version: OpenJDK Runtime Environment (8.0_112-b06) (build 1.8.0_112-release-b06)
# Java VM: OpenJDK 64-Bit Server VM (25.112-b06 mixed mode windows-amd64 compressed oops)
Heap:
 PSYoungGen      total 99328K, used 77866K [0x00000000e0000000, 0x00000000e6e80000, 0x0000000100000000)
  eden space 87552K, 75% used [0x00000000e0000000,0x00000000e40ec8f0,0x00000000e5580000)
  from space 11776K, 96% used [0x00000000e5580000,0x00000000e609e078,0x00000000e6100000)
  to   space 11776K, 99% used [0x00000000e6100000,0x00000000e6c7d3b0,0x00000000e6c80000)
 ParOldGen       total 72192K, used 20911K [0x00000000a0000000, 0x00000000a4680000, 0x00000000e0000000)
  object space 72192K, 28% used [0x00000000a0000000,0x00000000a146bc08,0x00000000a4680000)
 Metaspace       used 47369K, capacity 48760K, committed 48856K, reserved 1095680K
  class space    used 6439K, capacity 6776K, committed 6872K, reserved 1048576K
GC Heap History (10 events):
Event: 7.145 GC heap after
Heap after GC invocations=9 (full 1):
 PSYoungGen      total 87040K, used 6945K [0x00000000e0000000, 0x00000000e6080000, 0x0000000100000000)
  eden space 77312K, 0% used [0x00000000e0000000,0x00000000e0000000,0x00000000e4b80000)
  from space 9728K, 71% used [0x00000000e5500000,0x00000000e5bc8688,0x00000000e5e80000)
  to   space 9728K, 0% used [0x00000000e4b80000,0x00000000e4b80000,0x00000000e5500000)
 ParOldGen       total 43520K, used 9705K [0x00000000a0000000, 0x00000000a2a80000, 0x00000000e0000000)
  object space 43520K, 22% used [0x00000000a0000000,0x00000000a097a498,0x00000000a2a80000)
 Metaspace       used 29850K, capacity 30480K, committed 30720K, reserved 1075200K
  class space    used 4064K, capacity 4246K, committed 4352K, reserved 1048576K
}
Event: 8.447 GC heap before
{Heap before GC invocations=10 (full 1):
 PSYoungGen      total 87040K, used 54669K [0x00000000e0000000, 0x00000000e6080000, 0x0000000100000000)
  eden space 77312K, 61% used [0x00000000e0000000,0x00000000e2e9adc0,0x00000000e4b80000)
  from space 9728K, 71% used [0x00000000e5500000,0x00000000e5bc8688,0x00000000e5e80000)
  to   space 9728K, 0% used [0x00000000e4b80000,0x00000000e4b80000,0x00000000e5500000)
 ParOldGen       total 43520K, used 9705K [0x00000000a0000000, 0x00000000a2a80000, 0x00000000e0000000)
  object space 43520K, 22% used [0x00000000a0000000,0x00000000a097a498,0x00000000a2a80000)
 Metaspace       used 34545K, capacity 35244K, committed 35416K, reserved 1079296K
  class space    used 4652K, capacity 4881K, committed 4952K, reserved 1048576K
Event: 8.461 GC heap after
Heap after GC invocations=10 (full 1):
 PSYoungGen      total 87040K, used 9721K [0x00000000e0000000, 0x00000000e6c80000, 0x0000000100000000)
  eden space 77312K, 0% used [0x00000000e0000000,0x00000000e0000000,0x00000000e4b80000)
  from space 9728K, 99% used [0x00000000e4b80000,0x00000000e54fe438,0x00000000e5500000)
  to   space 11776K, 0% used [0x00000000e6100000,0x00000000e6100000,0x00000000e6c80000)
 ParOldGen       total 43520K, used 10924K [0x00000000a0000000, 0x00000000a2a80000, 0x00000000e0000000)
  object space 43520K, 25% used [0x00000000a0000000,0x00000000a0aab108,0x00000000a2a80000)
 Metaspace       used 34545K, capacity 35244K, committed 35416K, reserved 1079296K
  class space    used 4652K, capacity 4881K, committed 4952K, reserved 1048576K
}
Event: 8.461 GC heap before
{Heap before GC invocations=11 (full 2):
 PSYoungGen      total 87040K, used 9721K [0x00000000e0000000, 0x00000000e6c80000, 0x0000000100000000)
  eden space 77312K, 0% used [0x00000000e0000000,0x00000000e0000000,0x00000000e4b80000)
  from space 9728K, 99% used [0x00000000e4b80000,0x00000000e54fe438,0x00000000e5500000)
  to   space 11776K, 0% used [0x00000000e6100000,0x00000000e6100000,0x00000000e6c80000)
 ParOldGen       total 43520K, used 10924K [0x00000000a0000000, 0x00000000a2a80000, 0x00000000e0000000)
  object space 43520K, 25% used [0x00000000a0000000,0x00000000a0aab108,0x00000000a2a80000)
 Metaspace       used 34545K, capacity 35244K, committed 35416K, reserved 1079296K
  class space    used 4652K, capacity 4881K, committed 4952K, reserved 1048576K
Event: 8.552 GC heap after
Heap after GC invocations=11 (full 2):
 PSYoungGen      total 87040K, used 0K [0x00000000e0000000, 0x00000000e6c80000, 0x0000000100000000)
  eden space 77312K, 0% used [0x00000000e0000000,0x00000000e0000000,0x00000000e4b80000)
  from space 9728K, 0% used [0x00000000e4b80000,0x00000000e4b80000,0x00000000e5500000)
  to   space 11776K, 0% used [0x00000000e6100000,0x00000000e6100000,0x00000000e6c80000)
 ParOldGen       total 72192K, used 17434K [0x00000000a0000000, 0x00000000a4680000, 0x00000000e0000000)
  object space 72192K, 24% used [0x00000000a0000000,0x00000000a1106a60,0x00000000a4680000)
 Metaspace       used 34545K, capacity 35244K, committed 35416K, reserved 1079296K
  class space    used 4652K, capacity 4881K, committed 4952K, reserved 1048576K
}
Event: 9.854 GC heap before
{Heap before GC invocations=12 (full 2):
 PSYoungGen      total 87040K, used 77312K [0x00000000e0000000, 0x00000000e6c80000, 0x0000000100000000)
  eden space 77312K, 100% used [0x00000000e0000000,0x00000000e4b80000,0x00000000e4b80000)
  from space 9728K, 0% used [0x00000000e4b80000,0x00000000e4b80000,0x00000000e5500000)
  to   space 11776K, 0% used [0x00000000e6100000,0x00000000e6100000,0x00000000e6c80000)
 ParOldGen       total 72192K, used 17434K [0x00000000a0000000, 0x00000000a4680000, 0x00000000e0000000)
  object space 72192K, 24% used [0x00000000a0000000,0x00000000a1106a60,0x00000000a4680000)
 Metaspace       used 37974K, capacity 38814K, committed 39128K, reserved 1083392K
  class space    used 5084K, capacity 5331K, committed 5336K, reserved 1048576K
Event: 9.868 GC heap after
Heap after GC invocations=12 (full 2):
 PSYoungGen      total 99328K, used 8385K [0x00000000e0000000, 0x00000000e6e80000, 0x0000000100000000)
  eden space 87552K, 0% used [0x00000000e0000000,0x00000000e0000000,0x00000000e5580000)
  from space 11776K, 71% used [0x00000000e6100000,0x00000000e6930468,0x00000000e6c80000)
  to   space 11776K, 0% used [0x00000000e5580000,0x00000000e5580000,0x00000000e6100000)
 ParOldGen       total 72192K, used 17442K [0x00000000a0000000, 0x00000000a4680000, 0x00000000e0000000)
  object space 72192K, 24% used [0x00000000a0000000,0x00000000a1108a60,0x00000000a4680000)
 Metaspace       used 37974K, capacity 38814K, committed 39128K, reserved 1083392K
  class space    used 5084K, capacity 5331K, committed 5336K, reserved 1048576K
}
Event: 11.026 GC heap before
{Heap before GC invocations=13 (full 2):
 PSYoungGen      total 99328K, used 95937K [0x00000000e0000000, 0x00000000e6e80000, 0x0000000100000000)
  eden space 87552K, 100% used [0x00000000e0000000,0x00000000e5580000,0x00000000e5580000)
  from space 11776K, 71% used [0x00000000e6100000,0x00000000e6930468,0x00000000e6c80000)
  to   space 11776K, 0% used [0x00000000e5580000,0x00000000e5580000,0x00000000e6100000)
 ParOldGen       total 72192K, used 17442K [0x00000000a0000000, 0x00000000a4680000, 0x00000000e0000000)
  object space 72192K, 24% used [0x00000000a0000000,0x00000000a1108a60,0x00000000a4680000)
 Metaspace       used 43190K, capacity 44170K, committed 44248K, reserved 1087488K
  class space    used 5789K, capacity 6057K, committed 6104K, reserved 1048576K
Event: 11.057 GC heap after
Heap after GC invocations=13 (full 2):
 PSYoungGen      total 99328K, used 11384K [0x00000000e0000000, 0x00000000e6e80000, 0x0000000100000000)
  eden space 87552K, 0% used [0x00000000e0000000,0x00000000e0000000,0x00000000e5580000)
  from space 11776K, 96% used [0x00000000e5580000,0x00000000e609e078,0x00000000e6100000)
  to   space 11776K, 0% used [0x00000000e6100000,0x00000000e6100000,0x00000000e6c80000)
 ParOldGen       total 72192K, used 17450K [0x00000000a0000000, 0x00000000a4680000, 0x00000000e0000000)
  object space 72192K, 24% used [0x00000000a0000000,0x00000000a110aa60,0x00000000a4680000)
 Metaspace       used 43190K, capacity 44170K, committed 44248K, reserved 1087488K
  class space    used 5789K, capacity 6057K, committed 6104K, reserved 1048576K
}
Event: 12.220 GC heap before
{Heap before GC invocations=14 (full 2):
 PSYoungGen      total 99328K, used 77866K [0x00000000e0000000, 0x00000000e6e80000, 0x0000000100000000)
  eden space 87552K, 75% used [0x00000000e0000000,0x00000000e40ec8f0,0x00000000e5580000)
  from space 11776K, 96% used [0x00000000e5580000,0x00000000e609e078,0x00000000e6100000)
  to   space 11776K, 0% used [0x00000000e6100000,0x00000000e6100000,0x00000000e6c80000)
 ParOldGen       total 72192K, used 17450K [0x00000000a0000000, 0x00000000a4680000, 0x00000000e0000000)
  object space 72192K, 24% used [0x00000000a0000000,0x00000000a110aa60,0x00000000a4680000)
 Metaspace       used 47369K, capacity 48760K, committed 48856K, reserved 1095680K
  class space    used 6439K, capacity 6776K, committed 6872K, reserved 1048576K

