# JRE version: OpenJDK Runtime Environment (8.0_112-b06) (build 1.8.0_112-release-b06)
# Java VM: OpenJDK 64-Bit Server VM (25.112-b06 mixed mode windows-amd64 compressed oops)
Heap:
 PSYoungGen      total 248320K, used 165278K [0x00000000e0000000, 0x00000000f2d00000, 0x0000000100000000)
  eden space 229888K, 67% used [0x00000000e0000000,0x00000000e98a24a0,0x00000000ee080000)
  from space 18432K, 48% used [0x00000000ee080000,0x00000000ee945638,0x00000000ef280000)
  to   space 17920K, 0% used [0x00000000f1b80000,0x00000000f1b80000,0x00000000f2d00000)
 ParOldGen       total 95744K, used 44304K [0x00000000a0000000, 0x00000000a5d80000, 0x00000000e0000000)
  object space 95744K, 46% used [0x00000000a0000000,0x00000000a2b441c0,0x00000000a5d80000)
 Metaspace       used 61957K, capacity 65406K, committed 65496K, reserved 1105920K
  class space    used 8362K, capacity 9107K, committed 9176K, reserved 1048576K
GC Heap History (10 events):
Event: 14.276 GC heap before
{Heap before GC invocations=14 (full 2):
 PSYoungGen      total 158720K, used 158678K [0x00000000e0000000, 0x00000000ed400000, 0x0000000100000000)
  eden space 145920K, 100% used [0x00000000e0000000,0x00000000e8e80000,0x00000000e8e80000)
  from space 12800K, 99% used [0x00000000e8e80000,0x00000000e9af5af0,0x00000000e9b00000)
  to   space 14336K, 0% used [0x00000000ec600000,0x00000000ec600000,0x00000000ed400000)
 ParOldGen       total 50688K, used 25134K [0x00000000a0000000, 0x00000000a3180000, 0x00000000e0000000)
  object space 50688K, 49% used [0x00000000a0000000,0x00000000a188bae8,0x00000000a3180000)
 Metaspace       used 53869K, capacity 56168K, committed 56280K, reserved 1097728K
  class space    used 7355K, capacity 7865K, committed 7896K, reserved 1048576K
Event: 14.329 GC heap after
Heap after GC invocations=14 (full 2):
 PSYoungGen      total 197120K, used 14318K [0x00000000e0000000, 0x00000000ee380000, 0x0000000100000000)
  eden space 182784K, 0% used [0x00000000e0000000,0x00000000e0000000,0x00000000eb280000)
  from space 14336K, 99% used [0x00000000ec600000,0x00000000ed3fbad8,0x00000000ed400000)
  to   space 19968K, 0% used [0x00000000eb280000,0x00000000eb280000,0x00000000ec600000)
 ParOldGen       total 50688K, used 35230K [0x00000000a0000000, 0x00000000a3180000, 0x00000000e0000000)
  object space 50688K, 69% used [0x00000000a0000000,0x00000000a22679d8,0x00000000a3180000)
 Metaspace       used 53869K, capacity 56168K, committed 56280K, reserved 1097728K
  class space    used 7355K, capacity 7865K, committed 7896K, reserved 1048576K
}
Event: 18.278 GC heap before
{Heap before GC invocations=15 (full 2):
 PSYoungGen      total 197120K, used 98453K [0x00000000e0000000, 0x00000000ee380000, 0x0000000100000000)
  eden space 182784K, 46% used [0x00000000e0000000,0x00000000e5229b38,0x00000000eb280000)
  from space 14336K, 99% used [0x00000000ec600000,0x00000000ed3fbad8,0x00000000ed400000)
  to   space 19968K, 0% used [0x00000000eb280000,0x00000000eb280000,0x00000000ec600000)
 ParOldGen       total 50688K, used 35230K [0x00000000a0000000, 0x00000000a3180000, 0x00000000e0000000)
  object space 50688K, 69% used [0x00000000a0000000,0x00000000a22679d8,0x00000000a3180000)
 Metaspace       used 56467K, capacity 58856K, committed 58968K, reserved 1099776K
  class space    used 7641K, capacity 8197K, committed 8280K, reserved 1048576K
Event: 18.340 GC heap after
Heap after GC invocations=15 (full 2):
 PSYoungGen      total 202752K, used 5745K [0x00000000e0000000, 0x00000000f0f00000, 0x0000000100000000)
  eden space 182784K, 0% used [0x00000000e0000000,0x00000000e0000000,0x00000000eb280000)
  from space 19968K, 28% used [0x00000000eb280000,0x00000000eb81c638,0x00000000ec600000)
  to   space 19456K, 0% used [0x00000000efc00000,0x00000000efc00000,0x00000000f0f00000)
 ParOldGen       total 50688K, used 49520K [0x00000000a0000000, 0x00000000a3180000, 0x00000000e0000000)
  object space 50688K, 97% used [0x00000000a0000000,0x00000000a305c0b8,0x00000000a3180000)
 Metaspace       used 56467K, capacity 58856K, committed 58968K, reserved 1099776K
  class space    used 7641K, capacity 8197K, committed 8280K, reserved 1048576K
}
Event: 18.340 GC heap before
{Heap before GC invocations=16 (full 3):
 PSYoungGen      total 202752K, used 5745K [0x00000000e0000000, 0x00000000f0f00000, 0x0000000100000000)
  eden space 182784K, 0% used [0x00000000e0000000,0x00000000e0000000,0x00000000eb280000)
  from space 19968K, 28% used [0x00000000eb280000,0x00000000eb81c638,0x00000000ec600000)
  to   space 19456K, 0% used [0x00000000efc00000,0x00000000efc00000,0x00000000f0f00000)
 ParOldGen       total 50688K, used 49520K [0x00000000a0000000, 0x00000000a3180000, 0x00000000e0000000)
  object space 50688K, 97% used [0x00000000a0000000,0x00000000a305c0b8,0x00000000a3180000)
 Metaspace       used 56467K, capacity 58856K, committed 58968K, reserved 1099776K
  class space    used 7641K, capacity 8197K, committed 8280K, reserved 1048576K
Event: 18.665 GC heap after
Heap after GC invocations=16 (full 3):
 PSYoungGen      total 202752K, used 0K [0x00000000e0000000, 0x00000000f0f00000, 0x0000000100000000)
  eden space 182784K, 0% used [0x00000000e0000000,0x00000000e0000000,0x00000000eb280000)
  from space 19968K, 0% used [0x00000000eb280000,0x00000000eb280000,0x00000000ec600000)
  to   space 19456K, 0% used [0x00000000efc00000,0x00000000efc00000,0x00000000f0f00000)
 ParOldGen       total 95744K, used 44288K [0x00000000a0000000, 0x00000000a5d80000, 0x00000000e0000000)
  object space 95744K, 46% used [0x00000000a0000000,0x00000000a2b401c0,0x00000000a5d80000)
 Metaspace       used 56467K, capacity 58856K, committed 58968K, reserved 1099776K
  class space    used 7641K, capacity 8197K, committed 8280K, reserved 1048576K
}
Event: 1109.150 GC heap before
{Heap before GC invocations=17 (full 3):
 PSYoungGen      total 202752K, used 182784K [0x00000000e0000000, 0x00000000f0f00000, 0x0000000100000000)
  eden space 182784K, 100% used [0x00000000e0000000,0x00000000eb280000,0x00000000eb280000)
  from space 19968K, 0% used [0x00000000eb280000,0x00000000eb280000,0x00000000ec600000)
  to   space 19456K, 0% used [0x00000000efc00000,0x00000000efc00000,0x00000000f0f00000)
 ParOldGen       total 95744K, used 44288K [0x00000000a0000000, 0x00000000a5d80000, 0x00000000e0000000)
  object space 95744K, 46% used [0x00000000a0000000,0x00000000a2b401c0,0x00000000a5d80000)
 Metaspace       used 58488K, capacity 61142K, committed 61272K, reserved 1101824K
  class space    used 7865K, capacity 8454K, committed 8536K, reserved 1048576K
Event: 1109.213 GC heap after
Heap after GC invocations=17 (full 3):
 PSYoungGen      total 235520K, used 8358K [0x00000000e0000000, 0x00000000f0480000, 0x0000000100000000)
  eden space 226816K, 0% used [0x00000000e0000000,0x00000000e0000000,0x00000000edd80000)
  from space 8704K, 96% used [0x00000000efc00000,0x00000000f0429bc0,0x00000000f0480000)
  to   space 18432K, 0% used [0x00000000ee080000,0x00000000ee080000,0x00000000ef280000)
 ParOldGen       total 95744K, used 44296K [0x00000000a0000000, 0x00000000a5d80000, 0x00000000e0000000)
  object space 95744K, 46% used [0x00000000a0000000,0x00000000a2b421c0,0x00000000a5d80000)
 Metaspace       used 58488K, capacity 61142K, committed 61272K, reserved 1101824K
  class space    used 7865K, capacity 8454K, committed 8536K, reserved 1048576K
}
Event: 3056.531 GC heap before
{Heap before GC invocations=18 (full 3):
 PSYoungGen      total 235520K, used 235174K [0x00000000e0000000, 0x00000000f0480000, 0x0000000100000000)
  eden space 226816K, 100% used [0x00000000e0000000,0x00000000edd80000,0x00000000edd80000)
  from space 8704K, 96% used [0x00000000efc00000,0x00000000f0429bc0,0x00000000f0480000)
  to   space 18432K, 0% used [0x00000000ee080000,0x00000000ee080000,0x00000000ef280000)
 ParOldGen       total 95744K, used 44296K [0x00000000a0000000, 0x00000000a5d80000, 0x00000000e0000000)
  object space 95744K, 46% used [0x00000000a0000000,0x00000000a2b421c0,0x00000000a5d80000)
 Metaspace       used 60071K, capacity 63046K, committed 63320K, reserved 1103872K
  class space    used 8050K, capacity 8686K, committed 8792K, reserved 1048576K
Event: 3057.276 GC heap after
Heap after GC invocations=18 (full 3):
 PSYoungGen      total 248320K, used 8981K [0x00000000e0000000, 0x00000000f2d00000, 0x0000000100000000)
  eden space 229888K, 0% used [0x00000000e0000000,0x00000000e0000000,0x00000000ee080000)
  from space 18432K, 48% used [0x00000000ee080000,0x00000000ee945638,0x00000000ef280000)
  to   space 17920K, 0% used [0x00000000f1b80000,0x00000000f1b80000,0x00000000f2d00000)
 ParOldGen       total 95744K, used 44304K [0x00000000a0000000, 0x00000000a5d80000, 0x00000000e0000000)
  object space 95744K, 46% used [0x00000000a0000000,0x00000000a2b441c0,0x00000000a5d80000)
 Metaspace       used 60071K, capacity 63046K, committed 63320K, reserved 1103872K
  class space    used 8050K, capacity 8686K, committed 8792K, reserved 1048576K
}

