# JRE version: OpenJDK Runtime Environment (8.0_112-b06) (build 1.8.0_112-release-b06)
# Java VM: OpenJDK 64-Bit Server VM (25.112-b06 mixed mode windows-amd64 compressed oops)
Heap:
 PSYoungGen      total 448000K, used 278539K [0x00000000e0000000, 0x00000000fdf00000, 0x0000000100000000)
  eden space 405504K, 67% used [0x00000000e0000000,0x00000000f0ad6cd8,0x00000000f8c00000)
  from space 42496K, 12% used [0x00000000f8c00000,0x00000000f912c030,0x00000000fb580000)
  to   space 39424K, 0% used [0x00000000fb880000,0x00000000fb880000,0x00000000fdf00000)
 ParOldGen       total 140800K, used 103796K [0x00000000a0000000, 0x00000000a8980000, 0x00000000e0000000)
  object space 140800K, 73% used [0x00000000a0000000,0x00000000a655d390,0x00000000a8980000)
 Metaspace       used 79868K, capacity 85790K, committed 85888K, reserved 1124352K
  class space    used 10094K, capacity 11071K, committed 11136K, reserved 1048576K
GC Heap History (10 events):
Event: 5236.332 GC heap before
{Heap before GC invocations=35 (full 4):
 PSYoungGen      total 324096K, used 304880K [0x00000000e0000000, 0x00000000f6380000, 0x0000000100000000)
  eden space 284160K, 100% used [0x00000000e0000000,0x00000000f1580000,0x00000000f1580000)
  from space 39936K, 51% used [0x00000000f3c80000,0x00000000f50bc040,0x00000000f6380000)
  to   space 39936K, 0% used [0x00000000f1580000,0x00000000f1580000,0x00000000f3c80000)
 ParOldGen       total 140800K, used 84662K [0x00000000a0000000, 0x00000000a8980000, 0x00000000e0000000)
  object space 140800K, 60% used [0x00000000a0000000,0x00000000a52adbe0,0x00000000a8980000)
 Metaspace       used 78140K, capacity 82828K, committed 82944K, reserved 1122304K
  class space    used 9899K, capacity 10732K, committed 10752K, reserved 1048576K
Event: 5236.380 GC heap after
Heap after GC invocations=35 (full 4):
 PSYoungGen      total 324096K, used 19597K [0x00000000e0000000, 0x00000000fa380000, 0x0000000100000000)
  eden space 284160K, 0% used [0x00000000e0000000,0x00000000e0000000,0x00000000f1580000)
  from space 39936K, 49% used [0x00000000f1580000,0x00000000f28a35f0,0x00000000f3c80000)
  to   space 38400K, 0% used [0x00000000f7e00000,0x00000000f7e00000,0x00000000fa380000)
 ParOldGen       total 140800K, used 84670K [0x00000000a0000000, 0x00000000a8980000, 0x00000000e0000000)
  object space 140800K, 60% used [0x00000000a0000000,0x00000000a52afbe0,0x00000000a8980000)
 Metaspace       used 78140K, capacity 82828K, committed 82944K, reserved 1122304K
  class space    used 9899K, capacity 10732K, committed 10752K, reserved 1048576K
}
Event: 5246.152 GC heap before
{Heap before GC invocations=36 (full 4):
 PSYoungGen      total 324096K, used 303757K [0x00000000e0000000, 0x00000000fa380000, 0x0000000100000000)
  eden space 284160K, 100% used [0x00000000e0000000,0x00000000f1580000,0x00000000f1580000)
  from space 39936K, 49% used [0x00000000f1580000,0x00000000f28a35f0,0x00000000f3c80000)
  to   space 38400K, 0% used [0x00000000f7e00000,0x00000000f7e00000,0x00000000fa380000)
 ParOldGen       total 140800K, used 84670K [0x00000000a0000000, 0x00000000a8980000, 0x00000000e0000000)
  object space 140800K, 60% used [0x00000000a0000000,0x00000000a52afbe0,0x00000000a8980000)
 Metaspace       used 78281K, capacity 83036K, committed 83200K, reserved 1122304K
  class space    used 9907K, capacity 10744K, committed 10752K, reserved 1048576K
Event: 5246.182 GC heap after
Heap after GC invocations=36 (full 4):
 PSYoungGen      total 386048K, used 27856K [0x00000000e0000000, 0x00000000fa280000, 0x0000000100000000)
  eden space 348672K, 0% used [0x00000000e0000000,0x00000000e0000000,0x00000000f5480000)
  from space 37376K, 74% used [0x00000000f7e00000,0x00000000f9934308,0x00000000fa280000)
  to   space 39936K, 0% used [0x00000000f5480000,0x00000000f5480000,0x00000000f7b80000)
 ParOldGen       total 140800K, used 84678K [0x00000000a0000000, 0x00000000a8980000, 0x00000000e0000000)
  object space 140800K, 60% used [0x00000000a0000000,0x00000000a52b1be0,0x00000000a8980000)
 Metaspace       used 78281K, capacity 83036K, committed 83200K, reserved 1122304K
  class space    used 9907K, capacity 10744K, committed 10752K, reserved 1048576K
}
Event: 5281.481 GC heap before
{Heap before GC invocations=37 (full 4):
 PSYoungGen      total 386048K, used 376528K [0x00000000e0000000, 0x00000000fa280000, 0x0000000100000000)
  eden space 348672K, 100% used [0x00000000e0000000,0x00000000f5480000,0x00000000f5480000)
  from space 37376K, 74% used [0x00000000f7e00000,0x00000000f9934308,0x00000000fa280000)
  to   space 39936K, 0% used [0x00000000f5480000,0x00000000f5480000,0x00000000f7b80000)
 ParOldGen       total 140800K, used 84678K [0x00000000a0000000, 0x00000000a8980000, 0x00000000e0000000)
  object space 140800K, 60% used [0x00000000a0000000,0x00000000a52b1be0,0x00000000a8980000)
 Metaspace       used 78697K, capacity 83496K, committed 83840K, reserved 1122304K
  class space    used 9920K, capacity 10760K, committed 10880K, reserved 1048576K
Event: 5281.531 GC heap after
Heap after GC invocations=37 (full 4):
 PSYoungGen      total 388608K, used 28532K [0x00000000e0000000, 0x00000000fe100000, 0x0000000100000000)
  eden space 348672K, 0% used [0x00000000e0000000,0x00000000e0000000,0x00000000f5480000)
  from space 39936K, 71% used [0x00000000f5480000,0x00000000f705d058,0x00000000f7b80000)
  to   space 41472K, 0% used [0x00000000fb880000,0x00000000fb880000,0x00000000fe100000)
 ParOldGen       total 140800K, used 98720K [0x00000000a0000000, 0x00000000a8980000, 0x00000000e0000000)
  object space 140800K, 70% used [0x00000000a0000000,0x00000000a60683a8,0x00000000a8980000)
 Metaspace       used 78697K, capacity 83496K, committed 83840K, reserved 1122304K
  class space    used 9920K, capacity 10760K, committed 10880K, reserved 1048576K
}
Event: 5286.999 GC heap before
{Heap before GC invocations=38 (full 4):
 PSYoungGen      total 388608K, used 377204K [0x00000000e0000000, 0x00000000fe100000, 0x0000000100000000)
  eden space 348672K, 100% used [0x00000000e0000000,0x00000000f5480000,0x00000000f5480000)
  from space 39936K, 71% used [0x00000000f5480000,0x00000000f705d058,0x00000000f7b80000)
  to   space 41472K, 0% used [0x00000000fb880000,0x00000000fb880000,0x00000000fe100000)
 ParOldGen       total 140800K, used 98720K [0x00000000a0000000, 0x00000000a8980000, 0x00000000e0000000)
  object space 140800K, 70% used [0x00000000a0000000,0x00000000a60683a8,0x00000000a8980000)
 Metaspace       used 78817K, capacity 83750K, committed 84096K, reserved 1122304K
  class space    used 9931K, capacity 10781K, committed 10880K, reserved 1048576K
Event: 5287.032 GC heap after
Heap after GC invocations=38 (full 4):
 PSYoungGen      total 444928K, used 27921K [0x00000000e0000000, 0x00000000fdf00000, 0x0000000100000000)
  eden space 405504K, 0% used [0x00000000e0000000,0x00000000e0000000,0x00000000f8c00000)
  from space 39424K, 70% used [0x00000000fb880000,0x00000000fd3c44a8,0x00000000fdf00000)
  to   space 42496K, 0% used [0x00000000f8c00000,0x00000000f8c00000,0x00000000fb580000)
 ParOldGen       total 140800K, used 103260K [0x00000000a0000000, 0x00000000a8980000, 0x00000000e0000000)
  object space 140800K, 73% used [0x00000000a0000000,0x00000000a64d7380,0x00000000a8980000)
 Metaspace       used 78817K, capacity 83750K, committed 84096K, reserved 1122304K
  class space    used 9931K, capacity 10781K, committed 10880K, reserved 1048576K
}
Event: 5921.911 GC heap before
{Heap before GC invocations=39 (full 4):
 PSYoungGen      total 444928K, used 433266K [0x00000000e0000000, 0x00000000fdf00000, 0x0000000100000000)
  eden space 405504K, 99% used [0x00000000e0000000,0x00000000f8bd8720,0x00000000f8c00000)
  from space 39424K, 70% used [0x00000000fb880000,0x00000000fd3c44a8,0x00000000fdf00000)
  to   space 42496K, 0% used [0x00000000f8c00000,0x00000000f8c00000,0x00000000fb580000)
 ParOldGen       total 140800K, used 103260K [0x00000000a0000000, 0x00000000a8980000, 0x00000000e0000000)
  object space 140800K, 73% used [0x00000000a0000000,0x00000000a64d7380,0x00000000a8980000)
 Metaspace       used 79745K, capacity 85624K, committed 85888K, reserved 1124352K
  class space    used 10088K, capacity 11064K, committed 11136K, reserved 1048576K
Event: 5921.921 GC heap after
Heap after GC invocations=39 (full 4):
 PSYoungGen      total 448000K, used 5296K [0x00000000e0000000, 0x00000000fdf00000, 0x0000000100000000)
  eden space 405504K, 0% used [0x00000000e0000000,0x00000000e0000000,0x00000000f8c00000)
  from space 42496K, 12% used [0x00000000f8c00000,0x00000000f912c030,0x00000000fb580000)
  to   space 39424K, 0% used [0x00000000fb880000,0x00000000fb880000,0x00000000fdf00000)
 ParOldGen       total 140800K, used 103796K [0x00000000a0000000, 0x00000000a8980000, 0x00000000e0000000)
  object space 140800K, 73% used [0x00000000a0000000,0x00000000a655d390,0x00000000a8980000)
 Metaspace       used 79745K, capacity 85624K, committed 85888K, reserved 1124352K
  class space    used 10088K, capacity 11064K, committed 11136K, reserved 1048576K
}

